<?xml version="1.0" encoding="UTF-8"?>
<testng-results ignored="0" total="2" passed="2" failed="0" skipped="0">
  <reporter-output>
  </reporter-output>
  <suite started-at="2019-09-01T01:52:18 PST" name="Default suite" finished-at="2019-09-01T01:52:18 PST" duration-ms="115">
    <groups>
    </groups>
    <test started-at="2019-09-01T01:52:18 PST" name="Default test" finished-at="2019-09-01T01:52:18 PST" duration-ms="115">
      <class name="com.vlocity.splitter.StringSplitterTest">
        <test-method is-config="true" signature="beforeTest()[pri:0, instance:com.vlocity.splitter.StringSplitterTest@6156496]" started-at="2019-09-01T01:52:18 PST" name="beforeTest" finished-at="2019-09-01T01:52:18 PST" duration-ms="11" status="PASS">
          <reporter-output>
          </reporter-output>
        </test-method> <!-- beforeTest -->
        <test-method signature="testMethod1()[pri:0, instance:com.vlocity.splitter.StringSplitterTest@6156496]" started-at="2019-09-01T01:52:18 PST" name="testMethod1" description="Test method 1" finished-at="2019-09-01T01:52:18 PST" duration-ms="49" status="PASS">
          <reporter-output>
          </reporter-output>
        </test-method> <!-- testMethod1 -->
        <test-method is-config="true" signature="afterTest()[pri:0, instance:com.vlocity.splitter.StringSplitterTest@6156496]" started-at="2019-09-01T01:52:18 PST" name="afterTest" finished-at="2019-09-01T01:52:18 PST" duration-ms="1" status="PASS">
          <reporter-output>
          </reporter-output>
        </test-method> <!-- afterTest -->
        <test-method is-config="true" signature="beforeTest()[pri:0, instance:com.vlocity.splitter.StringSplitterTest@6156496]" started-at="2019-09-01T01:52:18 PST" name="beforeTest" finished-at="2019-09-01T01:52:18 PST" duration-ms="0" status="PASS">
          <reporter-output>
          </reporter-output>
        </test-method> <!-- beforeTest -->
        <test-method signature="testMethod2()[pri:0, instance:com.vlocity.splitter.StringSplitterTest@6156496]" started-at="2019-09-01T01:52:18 PST" name="testMethod2" description="Test method 2" finished-at="2019-09-01T01:52:18 PST" duration-ms="3" status="PASS">
          <reporter-output>
          </reporter-output>
        </test-method> <!-- testMethod2 -->
        <test-method is-config="true" signature="afterTest()[pri:0, instance:com.vlocity.splitter.StringSplitterTest@6156496]" started-at="2019-09-01T01:52:18 PST" name="afterTest" finished-at="2019-09-01T01:52:18 PST" duration-ms="1" status="PASS">
          <reporter-output>
          </reporter-output>
        </test-method> <!-- afterTest -->
      </class> <!-- com.vlocity.splitter.StringSplitterTest -->
    </test> <!-- Default test -->
  </suite> <!-- Default suite -->
</testng-results>
